build/app/outputs/mapping/release/seeds.txt
com.example.flutter_application_1.MainActivity
com.example.flutter_application_1.MainActivity: MainActivity()
...
com.google.android.material.R$color: int abc_search_url_text_selected
com.google.android.material.R$attr: int elevationOverlayColor
com.google.common.util.concurrent.AbstractFuture$Waiter: com.google.common.util.concurrent.AbstractFuture$Waiter next
com.google.android.material.button.MaterialButton: android.content.res.ColorStateList getIconTint()
com.google.android.gms.internal.firebase-auth-api.zzeu: com.google.android.gms.internal.firebase-auth-api.zzfa zze
androidx.constraintlayout.widget.Guideline: void setGuidelineEnd(int)
io.flutter.embedding.android.FlutterActivity: FlutterActivity()
com.google.android.gms.base.R$drawable: int common_google_signin_btn_icon_light
com.google.android.material.R$integer: int material_motion_duration_medium_2
androidx.appcompat.R$id: int wrap_content
com.google.android.material.floatingactionbutton.FloatingActionButton: int getSizeDimension()
com.google.android.material.internal.VisibilityAwareImageButton: void setVisibility(int)
androidx.appcompat.widget.AppCompatCheckBox: void setBackgroundDrawable(android.graphics.drawable.Drawable)
com.google.android.material.R$styleable: int AppCompatTextView_android_textAppearance
com.google.android.material.R$attr: int telltales_tailColor
com.google.android.material.R$attr: int autoSizeMinTextSize
com.google.android.material.R$styleable: int ActionBar_contentInsetEnd
com.google.android.material.R$styleable: int AnimatedStateListDrawableTransition_android_toId
com.google.android.material.R$drawable: int abc_btn_borderless_material
androidx.appcompat.R$style: int Base_V23_Theme_AppCompat
com.google.android.material.R$style: int MaterialAlertDialog_MaterialComponents_Title_Text_CenterStacked
com.google.android.material.R$styleable: int AnimatedStateListDrawableItem_android_id
com.google.android.material.R$attr: int backgroundTint
androidx.appcompat.widget.ActionBarOverlayLayout
com.google.android.material.textfield.TextInputLayout: void setPasswordVisibilityToggleContentDescription(int)
com.google.android.material.R$color: int mtrl_indicator_text_color
androidx.constraintlayout.widget.R$styleable: int AppCompatTheme_textColorSearchUrl
androidx.recyclerview.widget.RecyclerView: java.lang.CharSequence getAccessibilityClassName()
androidx.appcompat.R$style: int Theme_AppCompat_Empty
androidx.appcompat.R$styleable: int LinearLayoutCompat_showDividers
androidx.appcompat.widget.Toolbar: void setTitleMarginBottom(int)
com.google.android.material.R$styleable: int FloatingActionButton_Behavior_Layout_behavior_autoHide
io.flutter.embedding.engine.FlutterJNI: void onEndFrame()
androidx.appcompat.widget.AppCompatButton: android.graphics.PorterDuff$Mode getSupportCompoundDrawablesTintMode()
com.google.android.material.R$styleable: int MenuView_android_windowAnimationStyle
com.google.android.material.R$dimen: int material_helper_text_font_1_3_padding_horizontal
androidx.constraintlayout.widget.R$styleable: int AppCompatImageView_android_src
com.google.android.material.R$styleable: int NavigationBarView_itemTextColor
com.google.android.material.R$style: int RtlOverlay_Widget_AppCompat_Search_DropDown_Query
androidx.constraintlayout.widget.R$styleable: int[] PopupWindowBackgroundState
com.google.android.material.R$style: int TextAppearance_AppCompat_Tooltip
androidx.appcompat.R$drawable: int abc_control_background_material
com.google.android.gms.internal.measurement.zzdz: java.lang.String zze
com.google.android.material.R$styleable: int TabLayout_tabIndicatorFullWidth
com.google.android.material.R$id: int deltaRelative
androidx.recyclerview.R$dimen: int notification_big_circle_margin
com.google.android.material.R$attr: int tabPaddingTop
com.google.android.material.R$dimen: int mtrl_btn_padding_bottom
io.flutter.view.AccessibilityBridge$Flag: io.flutter.view.AccessibilityBridge$Flag[] values()
androidx.cardview.widget.CardView: void setMinimumWidth(int)