build/app/outputs/mapping/release/mapping.txt
# compiler: R8
# compiler_version: 2.0.74
# min_api: 21
# pg_map_id: d2d0aa1
# common_typos_disable
...
androidx.appcompat.app.AppCompatViewInflater -> androidx.appcompat.app.h:
    androidx.collection.SimpleArrayMap sConstructorMap -> e
    int[] sOnClickAttrs -> c
    java.lang.Object[] mConstructorArgs -> a
    java.lang.Class[] sConstructorSignature -> b
    java.lang.String[] sClassPrefixList -> d
    void checkOnClickListener(android.view.View,android.util.AttributeSet) -> a
    androidx.appcompat.widget.AppCompatAutoCompleteTextView createAutoCompleteTextView(android.content.Context,android.util.AttributeSet) -> b
    androidx.appcompat.widget.AppCompatButton createButton(android.content.Context,android.util.AttributeSet) -> c
    androidx.appcompat.widget.AppCompatCheckBox createCheckBox(android.content.Context,android.util.AttributeSet) -> d
    androidx.appcompat.widget.AppCompatCheckedTextView createCheckedTextView(android.content.Context,android.util.AttributeSet) -> e
    androidx.appcompat.widget.AppCompatEditText createEditText(android.content.Context,android.util.AttributeSet) -> f
    androidx.appcompat.widget.AppCompatImageButton createImageButton(android.content.Context,android.util.AttributeSet) -> g
    androidx.appcompat.widget.AppCompatImageView createImageView(android.content.Context,android.util.AttributeSet) -> h
    androidx.appcompat.widget.AppCompatMultiAutoCompleteTextView createMultiAutoCompleteTextView(android.content.Context,android.util.AttributeSet) -> i
androidx.appcompat.app.AppCompatViewInflater$DeclaredOnClickListener -> androidx.appcompat.app.h$a:
    java.lang.reflect.Method mResolvedMethod -> f
    android.view.View mHostView -> d
    java.lang.String mMethodName -> e
    android.content.Context mResolvedContext -> g
    void resolveMethod(android.content.Context) -> a
androidx.appcompat.app.ResourcesFlusher -> androidx.appcompat.app.i:
    java.lang.reflect.Field sResourcesImplField -> g
    java.lang.reflect.Field sThemedResourceCache_mUnthemedEntriesField -> e
    boolean sThemedResourceCache_mUnthemedEntriesFieldFetched -> f
    boolean sResourcesImplFieldFetched -> h
    java.lang.reflect.Field sDrawableCacheField -> a
    boolean sDrawableCacheFieldFetched -> b
    java.lang.Class sThemedResourceCacheClazz -> c
    boolean sThemedResourceCacheClazzFetched -> d
    void flush(android.content.res.Resources) -> a
    void flushLollipops(android.content.res.Resources) -> b
    void flushMarshmallows(android.content.res.Resources) -> c
    void flushNougats(android.content.res.Resources) -> d
    void flushThemedResourcesCache(java.lang.Object) -> e
androidx.appcompat.app.TwilightCalculator -> androidx.appcompat.app.j:
    long sunrise -> b
    long sunset -> a
    androidx.appcompat.app.TwilightCalculator sInstance -> d
    int state -> c
    void calculateTwilight(long,double,double) -> a
    androidx.appcompat.app.TwilightCalculator getInstance() -> b
androidx.appcompat.app.TwilightManager -> androidx.appcompat.app.k:
    android.content.Context mContext -> a
    androidx.appcompat.app.TwilightManager sInstance -> d
    androidx.appcompat.app.TwilightManager$TwilightState mTwilightState -> c
    android.location.LocationManager mLocationManager -> b
    androidx.appcompat.app.TwilightManager getInstance(android.content.Context) -> a
    android.location.Location getLastKnownLocation() -> b
    android.location.Location getLastKnownLocationForProvider(java.lang.String) -> c
    boolean isNight() -> d
    boolean isStateValid() -> e
    void updateState(android.location.Location) -> f
androidx.appcompat.app.TwilightManager$TwilightState -> androidx.appcompat.app.k$a:
    long nextUpdate -> f
    long tomorrowSunrise -> e
    long yesterdaySunset -> b
    long todaySunset -> d
    long todaySunrise -> c
    boolean isNight -> a