build/app/outputs/mapping/release/usage.txt
com.example.flutter_application_1.R$integer
com.example.flutter_application_1.R$bool
com.example.flutter_application_1.R$attr
com.example.flutter_application_1.R$interpolator
com.example.flutter_application_1.R$style
com.example.flutter_application_1.R
com.example.flutter_application_1.R$dimen
com.example.flutter_application_1.R$styleable
com.example.flutter_application_1.R$plurals
com.example.flutter_application_1.R$xml
com.example.flutter_application_1.R$mipmap
com.example.flutter_application_1.R$drawable
com.example.flutter_application_1.R$anim
com.example.flutter_application_1.BuildConfig
com.example.flutter_application_1.R$color
com.example.flutter_application_1.R$id
com.example.flutter_application_1.R$animator
com.example.flutter_application_1.R$layout
com.example.flutter_application_1.R$string
...
com.google.common.collect.Lists
kotlin.text.StringsKt__StringsKt$splitToSequence$2
io.flutter.plugin.common.EventChannel$EventSink:
    public abstract void error(java.lang.String,java.lang.String,java.lang.Object)
    public abstract void endOfStream()
com.google.android.gms.stats.WakeLock
com.google.firebase.database.connection.HostInfo:
    private static final java.lang.String VERSION_PARAM
    private static final java.lang.String LAST_SESSION_ID_PARAM
com.google.android.material.transition.platform.FitModeEvaluators$1
com.google.common.collect.LinkedListMultimap$1EntriesImpl
com.google.common.util.concurrent.Futures:
    private void <init>()
    public static com.google.common.util.concurrent.ListenableFuture immediateFuture(java.lang.Object)
    public static com.google.common.util.concurrent.ListenableFuture immediateFailedFuture(java.lang.Throwable)
    public static com.google.common.util.concurrent.ListenableFuture immediateCancelledFuture()
    public static com.google.common.util.concurrent.ListenableFuture submitAsync(com.google.common.util.concurrent.AsyncCallable,java.util.concurrent.Executor)
    public static com.google.common.util.concurrent.ListenableFuture scheduleAsync(com.google.common.util.concurrent.AsyncCallable,long,java.util.concurrent.TimeUnit,java.util.concurrent.ScheduledExecutorService)
    public static com.google.common.util.concurrent.ListenableFuture catching(com.google.common.util.concurrent.ListenableFuture,java.lang.Class,com.google.common.base.Function,java.util.concurrent.Executor)
    public static com.google.common.util.concurrent.ListenableFuture catchingAsync(com.google.common.util.concurrent.ListenableFuture,java.lang.Class,com.google.common.util.concurrent.AsyncFunction,java.util.concurrent.Executor)
    public static com.google.common.util.concurrent.ListenableFuture withTimeout(com.google.common.util.concurrent.ListenableFuture,long,java.util.concurrent.TimeUnit,java.util.concurrent.ScheduledExecutorService)
androidx.appcompat.widget.LinearLayoutCompat:
    public boolean isBaselineAligned()
    public boolean isMeasureWithLargestChildEnabled()
    public static final int HORIZONTAL
    public static final int VERTICAL
    public static final int SHOW_DIVIDER_NONE
    public static final int SHOW_DIVIDER_BEGINNING
    public static final int SHOW_DIVIDER_MIDDLE
    public static final int SHOW_DIVIDER_END
    private static final int VERTICAL_GRAVITY_COUNT
    private static final int INDEX_CENTER_VERTICAL
    private static final int INDEX_TOP
    private static final int INDEX_BOTTOM
    private static final int INDEX_FILL
    private static final java.lang.String ACCESSIBILITY_CLASS_NAME
com.google.android.material.navigation.NavigationBarView$OnItemReselectedListener
androidx.appcompat.graphics.drawable.AnimatedStateListDrawableCompat:
    public static androidx.appcompat.graphics.drawable.AnimatedStateListDrawableCompat create(android.content.Context,int,android.content.res.Resources$Theme)
    public void addState(int[],android.graphics.drawable.Drawable,int)
    public void addTransition(int,int,android.graphics.drawable.Drawable,boolean)
    void clearMutated()
    public synthetic bridge void addState(int[],android.graphics.drawable.Drawable)
    public synthetic bridge void setExitFadeDuration(int)
    public synthetic bridge void setEnterFadeDuration(int)
    private static final java.lang.String ELEMENT_TRANSITION
    private static final java.lang.String ELEMENT_ITEM
    private static final java.lang.String TRANSITION_MISSING_DRAWABLE_ERROR
    private static final java.lang.String TRANSITION_MISSING_FROM_TO_ID
    private static final java.lang.String ITEM_MISSING_DRAWABLE_ERROR